"../../../Engine/Content/Functions/Engine_MaterialFunctions01/Shading/PowerToRoughness.uasset" 0
"../../../Engine/Content/Functions/Engine_MaterialFunctions01/Shading/ConvertFromDiffSpec.uasset" 1
"../../../Engine/Content/EngineMaterials/DefaultDiffuse.uasset" 2
"../../../Engine/Content/EngineMaterials/DefaultDeferredDecalMaterial.uasset" 3
"../../../Engine/Content/EngineMaterials/DefaultLightFunctionMaterial.uasset" 4
"../../../Engine/Content/Functions/Engine_MaterialFunctions02/Utility/BreakOutFloat2Components.uasset" 5
"../../../Engine/Content/EngineMaterials/DefaultPostProcessMaterial.uasset" 6
"../../../Engine/Content/EditorMaterials/Camera/CineMat.uasset" 7
"../../../Engine/Content/EditorMaterials/Camera/MI_CineMat_Rig.uasset" 8
"../../../Engine/Content/EditorMeshes/Camera/SM_CraneRig_Base.uasset" 9
"../../../Engine/Content/EditorMeshes/Camera/SM_CraneRig_Arm.uasset" 10
"../../../Engine/Content/EditorMeshes/Camera/SM_CraneRig_Mount.uasset" 11
"../../../Engine/Content/EditorMeshes/Camera/SM_CraneRig_Body.uasset" 12
"../../../Engine/Content/EditorMeshes/Camera/SM_RailRig_Track.uasset" 13
"../../../Engine/Content/EditorMeshes/Camera/SM_RailRig_Mount.uasset" 14
"../../../Engine/Content/EngineResources/AICON-Red.uasset" 15
"../../../Engine/Content/EngineResources/AICON-Green.uasset" 16
"../../../Engine/Content/EngineFonts/Roboto.uasset" 17
"../../../Engine/Content/EngineResources/DefaultTexture.uasset" 18
"../../../Engine/Content/Functions/Engine_MaterialFunctions01/Texturing/ScaleUVsByCenter.uasset" 19
"../../../Engine/Content/Functions/Engine_MaterialFunctions02/ScreenResolution.uasset" 20
"../../../Engine/Content/Functions/Engine_MaterialFunctions02/Texturing/ScreenAlignedUVs.uasset" 21
"../../../Engine/Content/EngineResources/WhiteSquareTexture.uasset" 22
"../../../Engine/Content/EngineMaterials/Widget3DPassThrough.uasset" 23
"../../../Engine/Content/EngineMaterials/Widget3DPassThrough_Translucent.uasset" 24
"../../../Engine/Content/EngineMaterials/Widget3DPassThrough_Translucent_OneSided.uasset" 25
"../../../Engine/Content/EngineMaterials/Widget3DPassThrough_Opaque.uasset" 26
"../../../Engine/Content/EngineMaterials/Widget3DPassThrough_Opaque_OneSided.uasset" 27
"../../../Engine/Content/EngineMaterials/Widget3DPassThrough_Masked.uasset" 28
"../../../Engine/Content/EngineMaterials/Widget3DPassThrough_Masked_OneSided.uasset" 29
"../../../Engine/Content/EditorResources/S_Actor.uasset" 30
"../../../Engine/Content/EditorMaterials/AssetViewer/EpicQuadPanorama_CC+EV1.uasset" 31
"../../../Engine/Content/EditorResources/RGBTable16x1_AssetViewer.uasset" 32
"../../../Engine/Content/Maps/Templates/Thumbnails/Default.uasset" 33
"../../../Engine/Content/Maps/Templates/Thumbnails/VR-Basic.uasset" 34
"../../../Engine/Content/EditorMaterials/ParticleSystems/PSysThumbnail_NoImage.uasset" 35
"../../../Engine/Content/EditorMaterials/ParticleSystems/PSysThumbnail_OOD.uasset" 36
"../../../Engine/Content/EditorLandscapeResources/DataLayer.uasset" 37
"../../../Engine/Content/EngineDamageTypes/DmgTypeBP_Environmental.uasset" 38
"../../../Engine/Content/EngineMeshes/Sphere.uasset" 39
"../../../Engine/Content/EngineFonts/RobotoDistanceField.uasset" 40
"../../../Engine/Content/EngineMaterials/DefaultTextMaterialOpaque.uasset" 41
"../../../Engine/Content/EditorResources/S_Trigger.uasset" 42
"../../../Engine/Content/EngineResources/GradientTexture0.uasset" 43
"../../../Engine/Content/EngineResources/Black.uasset" 44
"../../../Engine/Content/EditorMaterials/MatineeGroups/MAT_Groups_Float.uasset" 45
"../../../Engine/Content/EditorMaterials/MatineeGroups/MAT_Groups_Director.uasset" 46
"../../../Engine/Content/EditorMaterials/MatineeGroups/MAT_Groups_Event.uasset" 47
"../../../Engine/Content/EditorMaterials/MatineeGroups/MAT_Groups_Anim.uasset" 48
"../../../Engine/Content/EditorMaterials/MatineeGroups/MAT_Groups_Fade.uasset" 49
"../../../Engine/Content/EditorMaterials/MatineeGroups/MAT_Groups_Move.uasset" 50
"../../../Engine/Content/EditorMaterials/MatineeGroups/MAT_Groups_Slomo.uasset" 51
"../../../Engine/Content/EditorMaterials/MatineeGroups/MAT_ColorTrack.uasset" 52
"../../../Engine/Content/EditorMaterials/MAT_Groups_Toggle.uasset" 53
"../../../Engine/Content/EditorMaterials/MatineeGroups/MAT_Groups_AudioMaster.uasset" 54
"../../../Engine/Content/EditorMaterials/MatineeGroups/MAT_Groups_Sound.uasset" 55
"../../../Engine/Content/EditorMaterials/MatineeGroups/MAT_Groups_Vector.uasset" 56
"../../../Engine/Content/EditorMaterials/MAT_Groups_Visibility.uasset" 57
"../../../Engine/Content/EngineResources/DefaultTextureCube.uasset" 58
"../../../Engine/Content/Functions/Engine_MaterialFunctions01/Opacity/CameraDepthFade.uasset" 59
"../../../Engine/Content/EngineMaterials/T_Default_Material_Grid_M.uasset" 60
"../../../Engine/Content/EngineMaterials/T_Default_Material_Grid_N.uasset" 61
"../../../Engine/Content/EngineMaterials/DefaultMaterial.uasset" 62
"../../../Engine/Content/EngineMeshes/Cylinder.uasset" 63
"../../../Engine/Content/EngineTireTypes/DefaultTireType.uasset" 64
"../../../Engine/Content/VREditor/LaserPointer/VR_LaserPower_01.uasset" 65
"../../../Engine/Content/VREditor/TransformGizmo/TransformGizmoMaterial.uasset" 66
"../../../Engine/Content/VREditor/TransformGizmo/TranslucentTransformGizmoMaterial.uasset" 67
"../../../Engine/Content/VREditor/TransformGizmo/UniformScaleHandle.uasset" 68
"../../../Engine/Content/VREditor/TransformGizmo/TranslateHandleLong.uasset" 69
"../../../Engine/Content/VREditor/TransformGizmo/PlaneTranslationHandle.uasset" 70
"../../../Engine/Content/VREditor/TransformGizmo/RotationHandleFull.uasset" 71
"../../../Engine/Content/VREditor/TransformGizmo/StretchingHandle.uasset" 72
"../../../Engine/Content/VREditor/TransformGizmo/BoundingBoxCorner.uasset" 73
"../../../Engine/Content/VREditor/TransformGizmo/BoundingBoxEdge.uasset" 74
"../../../Engine/Content/VREditor/UI/SelectionBarMesh.uasset" 75
"../../../Engine/Content/VREditor/UI/CloseButtonMesh.uasset" 76
"../../../Engine/Content/VREditor/FloatingText/LineMaterial.uasset" 77
"../../../Engine/Content/VREditor/FloatingText/LineSegmentCylinder.uasset" 78
"../../../Engine/Content/VREditor/FloatingText/JointSphere.uasset" 79
"../../../Engine/Content/VREditor/Fonts/VRText_RobotoLarge.uasset" 80
"../../../Engine/Content/VREditor/Fonts/VRTextMaterial.uasset" 81
"../../../Engine/Content/VREditor/Fonts/TranslucentVRTextMaterial.uasset" 82
"../../../Engine/Content/VREditor/TransformGizmo/TranslationHandle.uasset" 83
"../../../Engine/Content/VREditor/TransformGizmo/RotationHandle.uasset" 84
"../../../Engine/Content/VREditor/Devices/Generic/GenericHMDMaterial.uasset" 85
"../../../Engine/Content/VREditor/Devices/Generic/GenericHMD.uasset" 86
"../../../Engine/Content/Functions/Engine_MaterialFunctions01/Gradient/RadialGradient.uasset" 87
"../../../Engine/Content/EditorLandscapeResources/FlattenHeightMat.uasset" 88
"../../../Engine/Content/VREditor/WorldMovementGrid/PlaneMesh.uasset" 89
"../../../Engine/Content/VREditor/WorldMovementGrid/SimpleGrid.uasset" 90
"../../../Engine/Content/VREditor/WorldMovementGrid/GridMaterial.uasset" 91
"../../../Engine/Content/VREditor/LaserPointer/LaserPointerMaterial.uasset" 92
"../../../Engine/Content/VREditor/LaserPointer/LaserPointerMaterialInst.uasset" 93
"../../../Engine/Content/VREditor/LaserPointer/TranslucentLaserPointerMaterialInst.uasset" 94
"../../../Engine/Content/VREditor/LaserPointer/LaserPointerMesh.uasset" 95
"../../../Engine/Content/Functions/Engine_MaterialFunctions01/Density/ExponentialDensity.uasset" 96
"../../../Engine/Content/VREditor/WorldMovementGrid/GridPostProcess.uasset" 97
"../../../Engine/Content/VREditor/Sounds/VR_teleport_Cue.uasset" 98
"../../../Engine/Content/VREditor/Sounds/VR_grab_Cue.uasset" 99
"../../../Engine/Content/Tutorial/Landscape/TutorialAssets/Landscape.uasset" 100
"../../../Engine/Content/Tutorial/ContentIntroCurve.uasset" 101
"../../../Engine/Plugins/2D/Paper2D/Content/PlaceholderTextures/DummySpriteTexture.uasset" 102
"../../../Engine/Plugins/2D/Paper2D/Content/DefaultSpriteMaterial.uasset" 103
"../../../Engine/Plugins/2D/Paper2D/Content/MaskedUnlitSpriteMaterial.uasset" 104
"../../../Engine/Plugins/2D/Paper2D/Content/OpaqueUnlitSpriteMaterial.uasset" 105
"../../../Engine/Plugins/2D/Paper2D/Content/DummySprite.uasset" 106
"../../../Engine/Plugins/2D/Paper2D/Content/DefaultPaperTerrainMaterial.uasset" 107
"../../../Engine/Content/EngineMaterials/RemoveSurfaceMaterial.uasset" 108
"../../../Engine/Content/EngineDebugMaterials/DebugMeshMaterial.uasset" 109
"../../../Engine/Content/EngineMaterials/InvalidLightmapSettings.uasset" 110
"../../../Engine/Content/EngineMaterials/M_InvalidLightmapSettings.uasset" 111
"../../../Engine/Content/EditorMaterials/GizmoMaterial.uasset" 112
"../../../Engine/Content/EngineMaterials/PhAT_JointLimitMaterial.uasset" 113
"../../../Engine/Content/EngineMaterials/Good64x64TilingNoiseHighFreq.uasset" 114
"../../../Engine/Content/EngineMaterials/DefaultBokeh.uasset" 115
"../../../Engine/Content/EngineMaterials/PreintegratedSkinBRDF.uasset" 116
"../../../Engine/Content/EngineMaterials/MiniFont.uasset" 117
"../../../Engine/Content/EngineMaterials/WeightMapPlaceholderTexture.uasset" 118
"../../../Engine/Content/EngineMaterials/DefaultWhiteGrid.uasset" 119
"../../../Engine/Content/EngineMaterials/DefaultPhysicalMaterial.uasset" 120
"../../../Engine/Content/EngineFonts/RobotoTiny.uasset" 121
"../../../Engine/Content/EditorSounds/Notifications/CompileSuccess.uasset" 122
"../../../Engine/Content/EditorSounds/Notifications/CompileStart_Cue.uasset" 123
"../../../Engine/Content/EditorSounds/Notifications/CompileSuccess_Cue.uasset" 124
"../../../Engine/Content/EditorSounds/Notifications/CompileFailed.uasset" 125
"../../../Engine/Content/EditorSounds/Notifications/CompileFailed_Cue.uasset" 126
"../../../Engine/Content/BasicShapes/Sphere.uasset" 127
"../../../Engine/Content/BasicShapes/Cylinder.uasset" 128
"../../../Engine/Content/BasicShapes/Cone.uasset" 129
"../../../Engine/Content/EditorResources/BSPVertex.uasset" 130
"../../../Engine/Content/EngineDebugMaterials/GeomMaterial.uasset" 131
"../../../Engine/Content/EngineDebugMaterials/HeatmapGradient.uasset" 132
"../../../Engine/Content/EngineDebugMaterials/BoneWeightMaterial.uasset" 133
"../../../Engine/Content/EditorMaterials/PreviewShadowIndicator.uasset" 134
"../../../Engine/Content/EditorMaterials/PreviewShadowIndicatorMaterial.uasset" 135
"../../../Engine/Content/EngineMaterials/EditorBrushMaterial.uasset" 136
"../../../Engine/Content/EditorMeshes/ColorCalibrator/M_ChromeBall.uasset" 137
"../../../Engine/Content/EditorMeshes/ColorCalibrator/M_ClearCoat.uasset" 138
"../../../Engine/Content/EditorMeshes/ColorCalibrator/M_ClearCoatBlack.uasset" 139
"../../../Engine/Content/EditorMeshes/ColorCalibrator/T_ColorGrid.uasset" 140
"../../../Engine/Content/EditorMeshes/ColorCalibrator/M_ColorGrid.uasset" 141
"../../../Engine/Content/EditorMeshes/ColorCalibrator/M_GreyBall.uasset" 142
"../../../Engine/Content/EditorMeshes/ColorCalibrator/SM_ColorCalibrator.uasset" 143
"../../../Engine/Content/MobileResources/HUD/VirtualJoystick_Background.uasset" 144
"../../../Engine/Content/MobileResources/HUD/VirtualJoystick_Thumb.uasset" 145
"../../../Engine/Content/MobileResources/HUD/DefaultVirtualJoysticks.uasset" 146
"../../../Engine/Content/Tutorial/BlueprintTutorials/TutorialAssets/Blueprint_64x.uasset" 147
"../../../Engine/Content/Tutorial/SubEditors/TutorialAssets/icon_Editor_Preferences_General_40x.uasset" 148
"../../../Engine/Content/Tutorial/Paper2D/TutorialAssets/Paper2DSprite_TutorialIcon.uasset" 149
"../../../Engine/Content/Tutorial/SubEditors/TutorialAssets/icon_ShowSkeletalMeshes_40x.uasset" 150
"../../../Engine/Content/Tutorial/Foliage/TutorialAssets/Foliage.uasset" 151
"../../../Engine/Content/Tutorial/Basics/TutorialAssets/icon_tab_Levels_40x.uasset" 152
"../../../Engine/Content/Tutorial/BlueprintTutorials/TutorialAssets/BlueprintMacroLibrary_64x.uasset" 153
"../../../Engine/Content/Tutorial/BlueprintTutorials/TutorialAssets/BlueprintInterface_64x.uasset" 154
"../../../Engine/Content/Tutorial/Paper2D/TutorialAssets/Paper2DFlipbook_TutorialIcon.uasset" 155
"../../../Engine/Content/MobileResources/HUD/T_Castle_ThumbstickInner.uasset" 156
"../../../Engine/Content/MobileResources/HUD/MobileHUDDirectionPad3.uasset" 157
"../../../Engine/Content/EditorResources/EmptyActor.uasset" 158
"../../../Engine/Content/EngineMeshes/Cube.uasset" 159
"../../../Engine/Content/Tutorial/BlueprintTutorials/TutorialAssets/Tutorial_BP_Interface.uasset" 160
"../../../Engine/Content/EngineMaterials/WorldGridMaterial.uasset" 161
"../../../Engine/Content/EditorMeshes/EditorCube.uasset" 162
"../../../Engine/Content/Tutorial/SubEditors/TutorialAssets/Tutorial_DM.uasset" 163
"../../../Engine/Content/Tutorial/SubEditors/TutorialAssets/TutorialMaterial.uasset" 164
"../../../Engine/Content/Tutorial/SubEditors/TutorialAssets/T_SmokeSubUV_8X8.uasset" 165
"../../../Engine/Content/Tutorial/SubEditors/TutorialAssets/T_soft_smoke.uasset" 166
"../../../Engine/Content/Tutorial/SubEditors/TutorialAssets/M_smoke_subUV_blackbody.uasset" 167
"../../../Engine/Content/Tutorial/SubEditors/TutorialAssets/TutorialParticleSystem.uasset" 168
"../../../Engine/Content/MobileResources/HUD/MobileHUDButtonFire.uasset" 169
"../../../Engine/Content/MobileResources/HUD/MobileHUDButton2_off.uasset" 170
"../../../Engine/Content/MobileResources/HUD/MobileHUDButton1_on.uasset" 171
"../../../Engine/Content/MobileResources/HUD/MobileHUDButton1_off.uasset" 172
"../../../Engine/Content/MobileResources/HUD/LeftVirtualJoystickOnly.uasset" 173
"../../../Engine/Content/MobileResources/HUD/AnalogHat.uasset" 174
"../../../Engine/Content/MobileResources/T_MobileMenu2.uasset" 175
"../../../Engine/Content/MobileResources/T_MobileControls_texture.uasset" 176
"../../../Engine/Content/EditorResources/LightIcons/S_LightError.uasset" 177
"../../../BreathOfTheWind/Content/StarterContent/Textures/T_Smoke_SubUV.uasset" 178
"../../../BreathOfTheWind/Content/StarterContent/Textures/T_Smoke_Tiled_D.uasset" 179
"../../../BreathOfTheWind/Content/StarterContent/Particles/Materials/M_smoke_subUV.uasset" 180
"../../../BreathOfTheWind/Content/StarterContent/Particles/P_Steam_Lit.uasset" 181
"../../../BreathOfTheWind/Content/Sounds/Wind-SoundBible_com-950807958.uasset" 182
"../../../BreathOfTheWind/Content/Sounds/Hurricane-SoundBible_com-1370570140.uasset" 183
"../../../BreathOfTheWind/Content/images/fine-163642_960_720_transparent2.uasset" 184
"../../../BreathOfTheWind/Content/images/fine-163642_960_720.uasset" 185
"../../../BreathOfTheWind/Content/Geometry/Meshes/CubeMaterial.uasset" 186
"../../../BreathOfTheWind/Content/Geometry/Meshes/1M_Cube.uasset" 187
"../../../BreathOfTheWind/Content/images/parchment.uasset" 188
"../../../BreathOfTheWind/Content/FlyingBP/Materials/parchment_Mat.uasset" 189
"../../../BreathOfTheWind/Content/FlyingBP/particles/parchmentParticleSystem.uasset" 190
"../../../BreathOfTheWind/Content/FlyingBP/Models/girl/woman_Skeleton.uasset" 191
"../../../BreathOfTheWind/Content/FlyingBP/Models/girl/woman_Anim_Cube_003_HandsOut.uasset" 192
"../../../BreathOfTheWind/Content/FlyingBP/Models/girl/woman_Anim_Armature_001_ArmatureAction_001.uasset" 193
"../../../BreathOfTheWind/Content/FlyingBP/Models/girl/woman_Anim_Armature_001_ArmatureAction.uasset" 194
"../../../BreathOfTheWind/Content/FlyingBP/Materials/myTranslucentMat.uasset" 195
"../../../BreathOfTheWind/Content/FlyingBP/Models/plane/Material_001.uasset" 196
"../../../BreathOfTheWind/Content/FlyingBP/Models/plane/Material_003.uasset" 197
"../../../BreathOfTheWind/Content/FlyingBP/Models/plane/PaperPlane.uasset" 198
"../../../BreathOfTheWind/Content/FlyingBP/Blueprints/PaperPlaneCharacter.uasset" 199
"../../../Engine/Content/Functions/Engine_MaterialFunctions01/Gradient/LinearGradient.uasset" 200
"../../../BreathOfTheWind/Content/FlyingBP/particles/windTrailMaterial.uasset" 201
"../../../BreathOfTheWind/Content/FlyingBP/particles/windTrail.uasset" 202
"../../../BreathOfTheWind/Content/FlyingBP/Blueprints/FlyingPawn.uasset" 203
"../../../BreathOfTheWind/Content/FlyingBP/TrailSpline.uasset" 204
"../../../BreathOfTheWind/Content/Flying/Meshes/BaseMaterial.uasset" 205
"../../../BreathOfTheWind/Content/Flying/Meshes/UFOMaterial.uasset" 206
"../../../BreathOfTheWind/Content/Flying/Meshes/UFO.uasset" 207
"../../../Engine/Content/MobileResources/HUD/T_Castle_ThumbstickOutter.uasset" 208
"../../../Engine/Content/MobileResources/HUD/MobileHUDDirectionStick.uasset" 209
"../../../Engine/Content/MobileResources/HUD/MobileHUDDirectionPad2.uasset" 210
"../../../Engine/Content/MobileResources/HUD/MobileHUDDirectionPad.uasset" 211
"../../../Engine/Content/MobileResources/HUD/MobileHUDButton3.uasset" 212
"../../../Engine/Content/MobileResources/HUD/MobileHUDButton2_on.uasset" 213
"../../../Engine/Content/EngineMaterials/DefaultNormal.uasset" 214
"../../../Engine/Content/Maps/Entry.umap" 215
"../../../BreathOfTheWind/Content/FlyingBP/Models/boy/man_Skeleton.uasset" 216
"../../../BreathOfTheWind/Content/FlyingBP/Models/boy/man_Anim.uasset" 217
"../../../BreathOfTheWind/Content/FlyingBP/Models/girl/woman_Anim_Armature_001_HandsOut.uasset" 218
"../../../Engine/Content/EditorBlueprintResources/StandardMacros.uasset" 219
"../../../BreathOfTheWind/Content/Sounds/Wind-Mark_DiAngelo-1940285615.uasset" 220
"../../../BreathOfTheWind/Content/FlyingBP/Blueprints/PaperPlaneTutorial.uasset" 221
"../../../BreathOfTheWind/Content/Sounds/Music/bensound-acousticbreeze.uasset" 222
"../../../BreathOfTheWind/Content/FlyingBP/Blueprints/GameLogic.uasset" 223
"../../../BreathOfTheWind/Content/FlyingBP/Models/boy/Material.uasset" 224
"../../../BreathOfTheWind/Content/FlyingBP/Models/boy/Material_001.uasset" 225
"../../../BreathOfTheWind/Content/FlyingBP/Models/boy/Material_002.uasset" 226
"../../../BreathOfTheWind/Content/FlyingBP/Models/boy/Material_003.uasset" 227
"../../../BreathOfTheWind/Content/FlyingBP/Models/boy/man_PhysicsAsset.uasset" 228
"../../../BreathOfTheWind/Content/FlyingBP/Models/boy/man.uasset" 229
"../../../BreathOfTheWind/Content/FlyingBP/Models/boy/boyStartAnim.uasset" 230
"../../../BreathOfTheWind/Content/FlyingBP/particles/mat_generic.uasset" 231
"../../../BreathOfTheWind/Content/FlyingBP/particles/spiralTrail.uasset" 232
"../../../BreathOfTheWind/Content/FlyingBP/Blueprints/UpwardGust.uasset" 233
"../../../Engine/Content/BasicShapes/BasicShapeMaterial.uasset" 234
"../../../BreathOfTheWind/Content/FlyingBP/Models/Mat_Rock.uasset" 235
"../../../Engine/Content/BasicShapes/Cube.uasset" 236
"../../../BreathOfTheWind/Content/images/fine-163642_960_720_transparent.uasset" 237
"../../../BreathOfTheWind/Content/images/fine-163642_960_720_Mat.uasset" 238
"../../../BreathOfTheWind/Content/images/LeafBlowerParticleSystem.uasset" 239
"../../../BreathOfTheWind/Content/FlyingBP/Maps/myTestMap.umap" 240
"../../../BreathOfTheWind/Content/FlyingBP/Models/girl/woman_Anim_Armature_001_Idle.uasset" 241
"../../../BreathOfTheWind/Content/FlyingBP/Materials/GrasMaterials.uasset" 242
"../../../BreathOfTheWind/Content/MYDefaultTextMaterialOpaque.uasset" 243
"../../../BreathOfTheWind/Content/FlyingBP/Models/Material.uasset" 244
"../../../BreathOfTheWind/Content/FlyingBP/Models/Material_001.uasset" 245
"../../../BreathOfTheWind/Content/FlyingBP/Models/Cliff.uasset" 246
"../../../BreathOfTheWind/Content/FlyingBP/Models/girl/Material.uasset" 247
"../../../BreathOfTheWind/Content/FlyingBP/Models/clouds.uasset" 248
"../../../BreathOfTheWind/Content/FlyingBP/Models/girl/BlondHair.uasset" 249
"../../../BreathOfTheWind/Content/FlyingBP/Models/girl/Material_001.uasset" 250
"../../../BreathOfTheWind/Content/FlyingBP/Models/girl/Material_002.uasset" 251
"../../../BreathOfTheWind/Content/FlyingBP/Models/girl/Material_003.uasset" 252
"../../../BreathOfTheWind/Content/FlyingBP/Models/girl/Material_004.uasset" 253
"../../../BreathOfTheWind/Content/FlyingBP/Models/girl/Material_005.uasset" 254
"../../../BreathOfTheWind/Content/FlyingBP/Models/girl/woman_PhysicsAsset.uasset" 255
"../../../BreathOfTheWind/Content/FlyingBP/Models/girl/woman.uasset" 256
"../../../BreathOfTheWind/Content/FlyingBP/Models/Rock.uasset" 257
"../../../BreathOfTheWind/Content/FlyingBP/Models/Rock2.uasset" 258
"../../../BreathOfTheWind/Content/FlyingBP/Models/Rock3.uasset" 259
"../../../BreathOfTheWind/Content/FlyingBP/Models/Tree_Leafes.uasset" 260
"../../../BreathOfTheWind/Content/FlyingBP/Models/Tree_wood.uasset" 261
"../../../BreathOfTheWind/Content/FlyingBP/Models/tree.uasset" 262
"../../../BreathOfTheWind/Content/FlyingBP/Models/tree2.uasset" 263
"../../../BreathOfTheWind/Content/FlyingBP/Maps/BreathOfTheWind_2.umap" 264
"../../../BreathOfTheWind/Content/FlyingBP/Materials/MYWidget3DPassThrough_Masked_OneSided.uasset" 265
"../../../BreathOfTheWind/Content/images/parchment2.uasset" 266
"../../../BreathOfTheWind/Content/FlyingBP/HUD/EndGameHUD.uasset" 267
"../../../BreathOfTheWind/Content/FlyingBP/HUD/dirtyHUDActor.uasset" 268
"../../../BreathOfTheWind/Content/FlyingBP/Models/girl/woman_Anim_Armature_001_T_pose.uasset" 269
"../../../BreathOfTheWind/Content/FlyingBP/Models/girl/girlEndZone.uasset" 270
"../../../BreathOfTheWind/Content/FlyingBP/Models/windmill/Material.uasset" 271
"../../../BreathOfTheWind/Content/FlyingBP/Models/windmill/Material_001.uasset" 272
"../../../BreathOfTheWind/Content/FlyingBP/Models/windmill/windmill_base.uasset" 273
"../../../BreathOfTheWind/Content/FlyingBP/Models/windmill/windmill_Rotator.uasset" 274
"../../../BreathOfTheWind/Content/FlyingBP/Models/windmill/WindMillActor.uasset" 275
"../../../BreathOfTheWind/Content/FlyingBP/Models/fence/fence.uasset" 276
"../../../BreathOfTheWind/Content/FlyingBP/Models/House/Material.uasset" 277
"../../../BreathOfTheWind/Content/FlyingBP/Models/House/Material_001.uasset" 278
"../../../BreathOfTheWind/Content/FlyingBP/Models/House/Material_002.uasset" 279
"../../../BreathOfTheWind/Content/FlyingBP/Models/House/house.uasset" 280
"../../../BreathOfTheWind/Content/FlyingBP/Models/LargeTree/LargeTree.uasset" 281
"../../../BreathOfTheWind/Content/FlyingBP/Maps/BreathOfTheWind.umap" 282
"../../../Engine/Content/EngineSky/C_Sky_Cloud_Color.uasset" 283
"../../../Engine/Content/EngineSky/C_Sky_Horizon_Color.uasset" 284
"../../../Engine/Content/EngineSky/C_Sky_Zenith_Color.uasset" 285
"../../../Engine/Content/EngineSky/T_Sky_Blue.uasset" 286
"../../../Engine/Content/EngineSky/T_Sky_Clouds_M.uasset" 287
"../../../Engine/Content/EngineSky/T_Sky_Stars.uasset" 288
"../../../Engine/Content/EngineSky/M_Sky_Panning_Clouds2.uasset" 289
"../../../Engine/Content/EngineSky/SM_SkySphere.uasset" 290
"../../../Engine/Content/EngineSky/BP_Sky_Sphere.uasset" 291
"../../../BreathOfTheWind/Content/FlyingBP/Blueprints/FlyingGameMode.uasset" 292
"../../../BreathOfTheWind/Content/Flying/Meshes/GrayMaterial.uasset" 293
"../../../BreathOfTheWind/Content/Geometry/Meshes/1M_Cube_Chamfer.uasset" 294
"../../../BreathOfTheWind/Content/Geometry/Meshes/TemplateFloor.uasset" 295
"../../../BreathOfTheWind/Content/FlyingBP/Maps/FlyingExampleMap.umap" 296
